<?xml version="1.0" encoding="UTF-8"?>
<Site BuildName="(empty)"
	BuildStamp="20240714-1242-Experimental"
	Name="cgvlab-AORUS-17X-YB"
	Generator="ctest-3.16.3"
	CompilerName="/usr/bin/c++"
	CompilerVersion="9.4.0"
	OSName="Linux"
	Hostname="cgvlab-AORUS-17X-YB"
	OSRelease="5.15.0-92-generic"
	OSVersion="#102~20.04.1-Ubuntu SMP Mon Jan 15 13:09:14 UTC 2024"
	OSPlatform="x86_64"
	Is64Bits="1"
	VendorString="GenuineIntel"
	VendorID="Intel Corporation"
	FamilyID="6"
	ModelID="165"
	ProcessorCacheSize="16384"
	NumberOfLogicalCPU="16"
	NumberOfPhysicalCPU="8"
	TotalVirtualMemory="15258"
	TotalPhysicalMemory="31995"
	LogicalProcessorsPerPhysical="2"
	ProcessorClockFrequency="2300"
	>
	<Testing>
		<StartDateTime>Jul 14 21:42 KST</StartDateTime>
		<StartTestTime>1720960931</StartTestTime>
		<TestList/>
		<EndDateTime>Jul 14 21:42 KST</EndDateTime>
		<EndTestTime>1720960931</EndTestTime>
		<ElapsedMinutes>0</ElapsedMinutes>
	</Testing>
</Site>
